{"sessionId": "568a4f", "runId": "run-1773039666", "hypothesisId": "H3", "location": "main.py:show_role_menu", "message": "hamburger action invoked", "data": {"sidebar_exists_before": false, "current_theme": "dark"}, "timestamp": 1773039691248}
{"sessionId": "568a4f", "runId": "run-1773039666", "hypothesisId": "H3", "location": "main.py:show_role_menu", "message": "sidebar created", "data": {"sidebar_width": 220, "sidebar_exists_after": true}, "timestamp": 1773039691263}
{"sessionId": "568a4f", "runId": "run-1773039666", "hypothesisId": "H3", "location": "main.py:show_role_menu", "message": "hamburger action invoked", "data": {"sidebar_exists_before": true, "current_theme": "dark"}, "timestamp": 1773039694218}
{"sessionId": "568a4f", "runId": "run-1773039666", "hypothesisId": "H3", "location": "main.py:show_role_menu", "message": "hamburger action invoked", "data": {"sidebar_exists_before": false, "current_theme": "light"}, "timestamp": 1773039696220}
{"sessionId": "568a4f", "runId": "run-1773039666", "hypothesisId": "H3", "location": "main.py:show_role_menu", "message": "sidebar created", "data": {"sidebar_width": 220, "sidebar_exists_after": true}, "timestamp": 1773039696236}
{"sessionId": "568a4f", "runId": "run-1773039666", "hypothesisId": "H3", "location": "main.py:show_role_menu", "message": "hamburger action invoked", "data": {"sidebar_exists_before": true, "current_theme": "light"}, "timestamp": 1773039699769}
{"sessionId": "568a4f", "runId": "run-1773039666", "hypothesisId": "H3", "location": "main.py:show_role_menu", "message": "hamburger action invoked", "data": {"sidebar_exists_before": false, "current_theme": "light"}, "timestamp": 1773039700530}
{"sessionId": "568a4f", "runId": "run-1773039666", "hypothesisId": "H3", "location": "main.py:show_role_menu", "message": "sidebar created", "data": {"sidebar_width": 220, "sidebar_exists_after": true}, "timestamp": 1773039700543}
{"sessionId": "568a4f", "runId": "run-1773039666", "hypothesisId": "H3", "location": "main.py:show_role_menu", "message": "hamburger action invoked", "data": {"sidebar_exists_before": true, "current_theme": "light"}, "timestamp": 1773039701276}
{"sessionId": "568a4f", "runId": "run-1773039666", "hypothesisId": "H3", "location": "main.py:show_role_menu", "message": "hamburger action invoked", "data": {"sidebar_exists_before": false, "current_theme": "light"}, "timestamp": 1773039704183}
{"sessionId": "568a4f", "runId": "run-1773039666", "hypothesisId": "H3", "location": "main.py:show_role_menu", "message": "sidebar created", "data": {"sidebar_width": 220, "sidebar_exists_after": true}, "timestamp": 1773039704196}
{"sessionId": "568a4f", "runId": "run-1773039666", "hypothesisId": "H3", "location": "main.py:show_role_menu", "message": "hamburger action invoked", "data": {"sidebar_exists_before": true, "current_theme": "light"}, "timestamp": 1773040129079}
{"sessionId": "568a4f", "runId": "run-1773039666", "hypothesisId": "H3", "location": "main.py:show_role_menu", "message": "hamburger action invoked", "data": {"sidebar_exists_before": false, "current_theme": "light"}, "timestamp": 1773040129582}
{"sessionId": "568a4f", "runId": "run-1773039666", "hypothesisId": "H3", "location": "main.py:show_role_menu", "message": "sidebar created", "data": {"sidebar_width": 220, "sidebar_exists_after": true}, "timestamp": 1773040129596}
{"sessionId": "568a4f", "runId": "run-1773039666", "hypothesisId": "H3", "location": "main.py:show_role_menu", "message": "hamburger action invoked", "data": {"sidebar_exists_before": true, "current_theme": "light"}, "timestamp": 1773040129921}
{"sessionId": "568a4f", "runId": "run-1773039666", "hypothesisId": "H3", "location": "main.py:show_role_menu", "message": "hamburger action invoked", "data": {"sidebar_exists_before": false, "current_theme": "light"}, "timestamp": 1773040130258}
{"sessionId": "568a4f", "runId": "run-1773039666", "hypothesisId": "H3", "location": "main.py:show_role_menu", "message": "sidebar created", "data": {"sidebar_width": 220, "sidebar_exists_after": true}, "timestamp": 1773040130273}
{"sessionId": "568a4f", "runId": "run-1773039666", "hypothesisId": "H3", "location": "main.py:show_role_menu", "message": "hamburger action invoked", "data": {"sidebar_exists_before": true, "current_theme": "light"}, "timestamp": 1773040130577}
{"sessionId": "568a4f", "runId": "run-1773039666", "hypothesisId": "H3", "location": "main.py:show_role_menu", "message": "hamburger action invoked", "data": {"sidebar_exists_before": false, "current_theme": "light"}, "timestamp": 1773040131125}
{"sessionId": "568a4f", "runId": "run-1773039666", "hypothesisId": "H3", "location": "main.py:show_role_menu", "message": "sidebar created", "data": {"sidebar_width": 220, "sidebar_exists_after": true}, "timestamp": 1773040131138}
{"sessionId": "568a4f", "runId": "run-1773039666", "hypothesisId": "H3", "location": "main.py:show_role_menu", "message": "hamburger action invoked", "data": {"sidebar_exists_before": true, "current_theme": "light"}, "timestamp": 1773040131462}
