{"sessionId": "14d174", "runId": "initial", "hypothesisId": "H5", "location": "main.py:clear_screen", "message": "clear_screen called", "data": {"child_count": 0}, "timestamp": 1772847956554}
{"sessionId": "14d174", "runId": "initial", "hypothesisId": "H4", "location": "main.py:build_main_menu", "message": "main menu rendered", "data": {"all_products_count": 10, "filtered_products_count": 10, "query": "Search for products", "menu_icon_loaded": true, "light_theme_icon_loaded": false, "dark_theme_icon_loaded": true}, "timestamp": 1772847956562}
{"sessionId": "14d174", "runId": "initial", "hypothesisId": "H5", "location": "main.py:clear_screen", "message": "clear_screen called", "data": {"child_count": 4}, "timestamp": 1772847959301}
{"sessionId": "14d174", "runId": "initial", "hypothesisId": "H4", "location": "main.py:build_main_menu", "message": "main menu rendered", "data": {"all_products_count": 10, "filtered_products_count": 10, "query": "Search for products", "menu_icon_loaded": true, "light_theme_icon_loaded": false, "dark_theme_icon_loaded": true}, "timestamp": 1772847959316}
{"sessionId": "14d174", "runId": "initial", "hypothesisId": "H5", "location": "main.py:clear_screen", "message": "clear_screen called", "data": {"child_count": 4}, "timestamp": 1772847960404}
{"sessionId": "14d174", "runId": "initial", "hypothesisId": "H4", "location": "main.py:build_main_menu", "message": "main menu rendered", "data": {"all_products_count": 10, "filtered_products_count": 10, "query": "Search for products", "menu_icon_loaded": true, "light_theme_icon_loaded": false, "dark_theme_icon_loaded": true}, "timestamp": 1772847960418}
{"sessionId": "14d174", "runId": "initial", "hypothesisId": "H5", "location": "main.py:clear_screen", "message": "clear_screen called", "data": {"child_count": 4}, "timestamp": 1772847961543}
{"sessionId": "14d174", "runId": "initial", "hypothesisId": "H4", "location": "main.py:build_main_menu", "message": "main menu rendered", "data": {"all_products_count": 10, "filtered_products_count": 10, "query": "Search for products", "menu_icon_loaded": true, "light_theme_icon_loaded": false, "dark_theme_icon_loaded": true}, "timestamp": 1772847961558}
{"sessionId": "14d174", "runId": "initial", "hypothesisId": "H5", "location": "main.py:clear_screen", "message": "clear_screen called", "data": {"child_count": 4}, "timestamp": 1772847962426}
{"sessionId": "14d174", "runId": "initial", "hypothesisId": "H4", "location": "main.py:build_main_menu", "message": "main menu rendered", "data": {"all_products_count": 10, "filtered_products_count": 10, "query": "Search for products", "menu_icon_loaded": true, "light_theme_icon_loaded": false, "dark_theme_icon_loaded": true}, "timestamp": 1772847962439}
{"sessionId": "14d174", "runId": "initial", "hypothesisId": "H5", "location": "main.py:clear_screen", "message": "clear_screen called", "data": {"child_count": 4}, "timestamp": 1772847965870}
{"sessionId": "14d174", "runId": "initial", "hypothesisId": "H4", "location": "main.py:build_main_menu", "message": "main menu rendered", "data": {"all_products_count": 10, "filtered_products_count": 10, "query": "Search for products", "menu_icon_loaded": true, "light_theme_icon_loaded": false, "dark_theme_icon_loaded": true}, "timestamp": 1772847965885}
{"sessionId": "14d174", "runId": "initial", "hypothesisId": "H5", "location": "main.py:clear_screen", "message": "clear_screen called", "data": {"child_count": 4}, "timestamp": 1772847966944}
{"sessionId": "14d174", "runId": "initial", "hypothesisId": "H4", "location": "main.py:build_main_menu", "message": "main menu rendered", "data": {"all_products_count": 10, "filtered_products_count": 10, "query": "Search for products", "menu_icon_loaded": true, "light_theme_icon_loaded": false, "dark_theme_icon_loaded": true}, "timestamp": 1772847966957}
{"sessionId": "14d174", "runId": "initial", "hypothesisId": "H7", "location": "main.py:_on_mousewheel", "message": "mousewheel scroll", "data": {"delta": 1}, "timestamp": 1772847967232}
{"sessionId": "14d174", "runId": "initial", "hypothesisId": "H7", "location": "main.py:_on_mousewheel", "message": "mousewheel scroll", "data": {"delta": 1}, "timestamp": 1772847967264}
{"sessionId": "14d174", "runId": "initial", "hypothesisId": "H7", "location": "main.py:_on_mousewheel", "message": "mousewheel scroll", "data": {"delta": 1}, "timestamp": 1772847967631}
{"sessionId": "14d174", "runId": "initial", "hypothesisId": "H7", "location": "main.py:_on_mousewheel", "message": "mousewheel scroll", "data": {"delta": 1}, "timestamp": 1772847967647}
{"sessionId": "14d174", "runId": "initial", "hypothesisId": "H7", "location": "main.py:_on_mousewheel", "message": "mousewheel scroll", "data": {"delta": 1}, "timestamp": 1772847968110}
{"sessionId": "14d174", "runId": "initial", "hypothesisId": "H7", "location": "main.py:_on_mousewheel", "message": "mousewheel scroll", "data": {"delta": 1}, "timestamp": 1772847968126}
{"sessionId": "14d174", "runId": "initial", "hypothesisId": "H7", "location": "main.py:_on_mousewheel", "message": "mousewheel scroll", "data": {"delta": 1}, "timestamp": 1772847968303}
{"sessionId": "14d174", "runId": "initial", "hypothesisId": "H7", "location": "main.py:_on_mousewheel", "message": "mousewheel scroll", "data": {"delta": -1}, "timestamp": 1772847968502}
{"sessionId": "14d174", "runId": "initial", "hypothesisId": "H7", "location": "main.py:_on_mousewheel", "message": "mousewheel scroll", "data": {"delta": -1}, "timestamp": 1772847968542}
{"sessionId": "14d174", "runId": "initial", "hypothesisId": "H7", "location": "main.py:_on_mousewheel", "message": "mousewheel scroll", "data": {"delta": -1}, "timestamp": 1772847968583}
{"sessionId": "14d174", "runId": "initial", "hypothesisId": "H3", "location": "main.py:show_role_menu", "message": "hamburger action invoked", "data": {"sidebar_exists_before": false, "current_theme": "light"}, "timestamp": 1772847969407}
{"sessionId": "14d174", "runId": "initial", "hypothesisId": "H3", "location": "main.py:show_role_menu", "message": "sidebar created", "data": {"sidebar_width": 200, "sidebar_exists_after": true}, "timestamp": 1772847969409}
{"sessionId": "14d174", "runId": "initial", "hypothesisId": "H3", "location": "main.py:show_role_menu", "message": "hamburger action invoked", "data": {"sidebar_exists_before": true, "current_theme": "light"}, "timestamp": 1772847973869}
{"sessionId": "14d174", "runId": "initial", "hypothesisId": "H5", "location": "main.py:clear_screen", "message": "clear_screen called", "data": {"child_count": 4}, "timestamp": 1772847977415}
{"sessionId": "14d174", "runId": "initial", "hypothesisId": "H4", "location": "main.py:build_main_menu", "message": "main menu rendered", "data": {"all_products_count": 10, "filtered_products_count": 10, "query": "Search for products", "menu_icon_loaded": true, "light_theme_icon_loaded": false, "dark_theme_icon_loaded": true}, "timestamp": 1772847977430}
{"sessionId": "14d174", "runId": "initial", "hypothesisId": "H5", "location": "main.py:clear_screen", "message": "clear_screen called", "data": {"child_count": 4}, "timestamp": 1772847977804}
{"sessionId": "14d174", "runId": "initial", "hypothesisId": "H4", "location": "main.py:build_main_menu", "message": "main menu rendered", "data": {"all_products_count": 10, "filtered_products_count": 10, "query": "Search for products", "menu_icon_loaded": true, "light_theme_icon_loaded": false, "dark_theme_icon_loaded": true}, "timestamp": 1772847977818}
{"sessionId": "14d174", "runId": "initial", "hypothesisId": "H5", "location": "main.py:clear_screen", "message": "clear_screen called", "data": {"child_count": 0}, "timestamp": 1772848009524}
{"sessionId": "14d174", "runId": "initial", "hypothesisId": "H4", "location": "main.py:build_main_menu", "message": "main menu rendered", "data": {"all_products_count": 10, "filtered_products_count": 10, "query": "Search for products", "menu_icon_loaded": true, "light_theme_icon_loaded": false, "dark_theme_icon_loaded": true}, "timestamp": 1772848009530}
{"sessionId": "14d174", "runId": "initial", "hypothesisId": "H5", "location": "main.py:clear_screen", "message": "clear_screen called", "data": {"child_count": 4}, "timestamp": 1772848011128}
{"sessionId": "14d174", "runId": "initial", "hypothesisId": "H5", "location": "main.py:clear_screen", "message": "clear_screen called", "data": {"child_count": 2}, "timestamp": 1772848017578}
{"sessionId": "14d174", "runId": "initial", "hypothesisId": "H5", "location": "main.py:clear_screen", "message": "clear_screen called", "data": {"child_count": 2}, "timestamp": 1772848026214}
{"sessionId": "14d174", "runId": "initial", "hypothesisId": "H5", "location": "main.py:clear_screen", "message": "clear_screen called", "data": {"child_count": 2}, "timestamp": 1772848026958}
{"sessionId": "14d174", "runId": "initial", "hypothesisId": "H4", "location": "main.py:build_main_menu", "message": "main menu rendered", "data": {"all_products_count": 10, "filtered_products_count": 10, "query": "Search for products", "menu_icon_loaded": true, "light_theme_icon_loaded": false, "dark_theme_icon_loaded": true}, "timestamp": 1772848026969}
{"sessionId": "14d174", "runId": "initial", "hypothesisId": "H5", "location": "main.py:clear_screen", "message": "clear_screen called", "data": {"child_count": 4}, "timestamp": 1772848028410}
{"sessionId": "14d174", "runId": "initial", "hypothesisId": "H5", "location": "main.py:clear_screen", "message": "clear_screen called", "data": {"child_count": 2}, "timestamp": 1772848030220}
{"sessionId": "14d174", "runId": "initial", "hypothesisId": "H4", "location": "main.py:build_main_menu", "message": "main menu rendered", "data": {"all_products_count": 10, "filtered_products_count": 10, "query": "Search for products", "menu_icon_loaded": true, "light_theme_icon_loaded": false, "dark_theme_icon_loaded": true}, "timestamp": 1772848030230}
{"sessionId": "14d174", "runId": "initial", "hypothesisId": "H5", "location": "main.py:clear_screen", "message": "clear_screen called", "data": {"child_count": 4}, "timestamp": 1772848030873}
{"sessionId": "14d174", "runId": "initial", "hypothesisId": "H5", "location": "main.py:clear_screen", "message": "clear_screen called", "data": {"child_count": 2}, "timestamp": 1772848032547}
{"sessionId": "14d174", "runId": "initial", "hypothesisId": "H5", "location": "main.py:clear_screen", "message": "clear_screen called", "data": {"child_count": 2}, "timestamp": 1772848119126}
{"sessionId": "14d174", "runId": "initial", "hypothesisId": "H5", "location": "main.py:clear_screen", "message": "clear_screen called", "data": {"child_count": 2}, "timestamp": 1772848121445}
{"sessionId": "14d174", "runId": "initial", "hypothesisId": "H4", "location": "main.py:build_main_menu", "message": "main menu rendered", "data": {"all_products_count": 10, "filtered_products_count": 10, "query": "Search for products", "menu_icon_loaded": true, "light_theme_icon_loaded": false, "dark_theme_icon_loaded": true}, "timestamp": 1772848121456}
{"sessionId": "14d174", "runId": "initial", "hypothesisId": "H3", "location": "main.py:show_role_menu", "message": "hamburger action invoked", "data": {"sidebar_exists_before": false, "current_theme": "light"}, "timestamp": 1772848124498}
{"sessionId": "14d174", "runId": "initial", "hypothesisId": "H3", "location": "main.py:show_role_menu", "message": "sidebar created", "data": {"sidebar_width": 200, "sidebar_exists_after": true}, "timestamp": 1772848124500}
{"sessionId": "14d174", "runId": "initial", "hypothesisId": "H3", "location": "main.py:show_role_menu", "message": "hamburger action invoked", "data": {"sidebar_exists_before": true, "current_theme": "light"}, "timestamp": 1772848125587}
{"sessionId": "14d174", "runId": "initial", "hypothesisId": "H5", "location": "main.py:clear_screen", "message": "clear_screen called", "data": {"child_count": 4}, "timestamp": 1772848129922}
{"sessionId": "14d174", "runId": "initial", "hypothesisId": "H5", "location": "main.py:clear_screen", "message": "clear_screen called", "data": {"child_count": 1}, "timestamp": 1772848131495}
{"sessionId": "14d174", "runId": "initial", "hypothesisId": "H5", "location": "main.py:clear_screen", "message": "clear_screen called", "data": {"child_count": 4}, "timestamp": 1772848137048}
{"sessionId": "14d174", "runId": "initial", "hypothesisId": "H5", "location": "main.py:clear_screen", "message": "clear_screen called", "data": {"child_count": 1}, "timestamp": 1772848138741}
{"sessionId": "14d174", "runId": "initial", "hypothesisId": "H5", "location": "main.py:clear_screen", "message": "clear_screen called", "data": {"child_count": 1}, "timestamp": 1772848141156}
{"sessionId": "14d174", "runId": "initial", "hypothesisId": "H5", "location": "main.py:clear_screen", "message": "clear_screen called", "data": {"child_count": 4}, "timestamp": 1772848147728}
{"sessionId": "14d174", "runId": "initial", "hypothesisId": "H5", "location": "main.py:clear_screen", "message": "clear_screen called", "data": {"child_count": 1}, "timestamp": 1772848154678}
{"sessionId": "14d174", "runId": "initial", "hypothesisId": "H5", "location": "main.py:clear_screen", "message": "clear_screen called", "data": {"child_count": 1}, "timestamp": 1772848155142}
{"sessionId": "14d174", "runId": "initial", "hypothesisId": "H5", "location": "main.py:clear_screen", "message": "clear_screen called", "data": {"child_count": 1}, "timestamp": 1772848155838}
{"sessionId": "14d174", "runId": "initial", "hypothesisId": "H5", "location": "main.py:clear_screen", "message": "clear_screen called", "data": {"child_count": 1}, "timestamp": 1772848156157}
{"sessionId": "14d174", "runId": "initial", "hypothesisId": "H5", "location": "main.py:clear_screen", "message": "clear_screen called", "data": {"child_count": 1}, "timestamp": 1772848156333}
{"sessionId": "14d174", "runId": "initial", "hypothesisId": "H5", "location": "main.py:clear_screen", "message": "clear_screen called", "data": {"child_count": 1}, "timestamp": 1772848156733}
{"sessionId": "14d174", "runId": "initial", "hypothesisId": "H5", "location": "main.py:clear_screen", "message": "clear_screen called", "data": {"child_count": 1}, "timestamp": 1772848162059}
{"sessionId": "14d174", "runId": "initial", "hypothesisId": "H5", "location": "main.py:clear_screen", "message": "clear_screen called", "data": {"child_count": 4}, "timestamp": 1772848168090}
{"sessionId": "14d174", "runId": "initial", "hypothesisId": "H5", "location": "main.py:clear_screen", "message": "clear_screen called", "data": {"child_count": 1}, "timestamp": 1772848172846}
{"sessionId": "14d174", "runId": "initial", "hypothesisId": "H5", "location": "main.py:clear_screen", "message": "clear_screen called", "data": {"child_count": 1}, "timestamp": 1772848173382}
{"sessionId": "14d174", "runId": "initial", "hypothesisId": "H5", "location": "main.py:clear_screen", "message": "clear_screen called", "data": {"child_count": 1}, "timestamp": 1772848174717}
{"sessionId": "14d174", "runId": "initial", "hypothesisId": "H4", "location": "main.py:build_main_menu", "message": "main menu rendered", "data": {"all_products_count": 10, "filtered_products_count": 10, "query": "Search for products", "menu_icon_loaded": true, "light_theme_icon_loaded": false, "dark_theme_icon_loaded": true}, "timestamp": 1772848174731}
{"sessionId": "14d174", "runId": "initial", "hypothesisId": "H5", "location": "main.py:clear_screen", "message": "clear_screen called", "data": {"child_count": 0}, "timestamp": 1772848180853}
{"sessionId": "14d174", "runId": "initial", "hypothesisId": "H4", "location": "main.py:build_main_menu", "message": "main menu rendered", "data": {"all_products_count": 10, "filtered_products_count": 10, "query": "Search for products", "menu_icon_loaded": true, "light_theme_icon_loaded": false, "dark_theme_icon_loaded": true}, "timestamp": 1772848180859}
{"sessionId": "14d174", "runId": "initial", "hypothesisId": "H5", "location": "main.py:clear_screen", "message": "clear_screen called", "data": {"child_count": 4}, "timestamp": 1772848182513}
{"sessionId": "14d174", "runId": "initial", "hypothesisId": "H5", "location": "main.py:clear_screen", "message": "clear_screen called", "data": {"child_count": 2}, "timestamp": 1772848183553}
{"sessionId": "14d174", "runId": "initial", "hypothesisId": "H5", "location": "main.py:clear_screen", "message": "clear_screen called", "data": {"child_count": 2}, "timestamp": 1772848187336}
{"sessionId": "14d174", "runId": "initial", "hypothesisId": "H5", "location": "main.py:clear_screen", "message": "clear_screen called", "data": {"child_count": 2}, "timestamp": 1772848225103}
{"sessionId": "14d174", "runId": "initial", "hypothesisId": "H4", "location": "main.py:build_main_menu", "message": "main menu rendered", "data": {"all_products_count": 10, "filtered_products_count": 10, "query": "Search for products", "menu_icon_loaded": true, "light_theme_icon_loaded": false, "dark_theme_icon_loaded": true}, "timestamp": 1772848225115}
{"sessionId": "14d174", "runId": "initial", "hypothesisId": "H3", "location": "main.py:show_role_menu", "message": "hamburger action invoked", "data": {"sidebar_exists_before": false, "current_theme": "light"}, "timestamp": 1772848226655}
{"sessionId": "14d174", "runId": "initial", "hypothesisId": "H3", "location": "main.py:show_role_menu", "message": "sidebar created", "data": {"sidebar_width": 200, "sidebar_exists_after": true}, "timestamp": 1772848226656}
{"sessionId": "14d174", "runId": "initial", "hypothesisId": "H3", "location": "main.py:show_role_menu", "message": "hamburger action invoked", "data": {"sidebar_exists_before": true, "current_theme": "light"}, "timestamp": 1772848229869}
{"sessionId": "14d174", "runId": "initial", "hypothesisId": "H5", "location": "main.py:clear_screen", "message": "clear_screen called", "data": {"child_count": 4}, "timestamp": 1772848232849}
{"sessionId": "14d174", "runId": "initial", "hypothesisId": "H5", "location": "main.py:clear_screen", "message": "clear_screen called", "data": {"child_count": 4}, "timestamp": 1772848236051}
{"sessionId": "14d174", "runId": "initial", "hypothesisId": "H4", "location": "main.py:build_main_menu", "message": "main menu rendered", "data": {"all_products_count": 10, "filtered_products_count": 10, "query": "Search for products", "menu_icon_loaded": true, "light_theme_icon_loaded": false, "dark_theme_icon_loaded": true}, "timestamp": 1772848236067}
{"sessionId": "14d174", "runId": "initial", "hypothesisId": "H3", "location": "main.py:show_role_menu", "message": "hamburger action invoked", "data": {"sidebar_exists_before": false, "current_theme": "light"}, "timestamp": 1772848237169}
{"sessionId": "14d174", "runId": "initial", "hypothesisId": "H3", "location": "main.py:show_role_menu", "message": "sidebar created", "data": {"sidebar_width": 200, "sidebar_exists_after": true}, "timestamp": 1772848237171}
{"sessionId": "14d174", "runId": "initial", "hypothesisId": "H3", "location": "main.py:show_role_menu", "message": "hamburger action invoked", "data": {"sidebar_exists_before": true, "current_theme": "light"}, "timestamp": 1772848238121}
{"sessionId": "14d174", "runId": "initial", "hypothesisId": "H5", "location": "main.py:clear_screen", "message": "clear_screen called", "data": {"child_count": 4}, "timestamp": 1772848241895}
{"sessionId": "14d174", "runId": "initial", "hypothesisId": "H5", "location": "main.py:clear_screen", "message": "clear_screen called", "data": {"child_count": 0}, "timestamp": 1772848290816}
{"sessionId": "14d174", "runId": "initial", "hypothesisId": "H4", "location": "main.py:build_main_menu", "message": "main menu rendered", "data": {"all_products_count": 10, "filtered_products_count": 10, "query": "Search for products", "menu_icon_loaded": true, "light_theme_icon_loaded": false, "dark_theme_icon_loaded": true}, "timestamp": 1772848290822}
{"sessionId": "14d174", "runId": "initial", "hypothesisId": "H5", "location": "main.py:clear_screen", "message": "clear_screen called", "data": {"child_count": 4}, "timestamp": 1772848295569}
{"sessionId": "14d174", "runId": "initial", "hypothesisId": "H5", "location": "main.py:clear_screen", "message": "clear_screen called", "data": {"child_count": 2}, "timestamp": 1772848297680}
{"sessionId": "14d174", "runId": "initial", "hypothesisId": "H4", "location": "main.py:build_main_menu", "message": "main menu rendered", "data": {"all_products_count": 10, "filtered_products_count": 10, "query": "Search for products", "menu_icon_loaded": true, "light_theme_icon_loaded": false, "dark_theme_icon_loaded": true}, "timestamp": 1772848297692}
{"sessionId": "14d174", "runId": "initial", "hypothesisId": "H5", "location": "main.py:clear_screen", "message": "clear_screen called", "data": {"child_count": 4}, "timestamp": 1772848300845}
{"sessionId": "14d174", "runId": "initial", "hypothesisId": "H4", "location": "main.py:build_main_menu", "message": "main menu rendered", "data": {"all_products_count": 10, "filtered_products_count": 10, "query": "Search for products", "menu_icon_loaded": true, "light_theme_icon_loaded": false, "dark_theme_icon_loaded": true}, "timestamp": 1772848300858}
{"sessionId": "14d174", "runId": "initial", "hypothesisId": "H5", "location": "main.py:clear_screen", "message": "clear_screen called", "data": {"child_count": 0}, "timestamp": 1772848384590}
{"sessionId": "14d174", "runId": "initial", "hypothesisId": "H4", "location": "main.py:build_main_menu", "message": "main menu rendered", "data": {"all_products_count": 10, "filtered_products_count": 10, "query": "Search for products", "menu_icon_loaded": true, "light_theme_icon_loaded": false, "dark_theme_icon_loaded": true}, "timestamp": 1772848384596}
{"sessionId": "14d174", "runId": "initial", "hypothesisId": "H3", "location": "main.py:show_role_menu", "message": "hamburger action invoked", "data": {"sidebar_exists_before": false, "current_theme": "light"}, "timestamp": 1772848385769}
{"sessionId": "14d174", "runId": "initial", "hypothesisId": "H3", "location": "main.py:show_role_menu", "message": "sidebar created", "data": {"sidebar_width": 200, "sidebar_exists_after": true}, "timestamp": 1772848385770}
{"sessionId": "14d174", "runId": "initial", "hypothesisId": "H3", "location": "main.py:show_role_menu", "message": "hamburger action invoked", "data": {"sidebar_exists_before": true, "current_theme": "light"}, "timestamp": 1772848386729}
{"sessionId": "14d174", "runId": "initial", "hypothesisId": "H3", "location": "main.py:show_role_menu", "message": "hamburger action invoked", "data": {"sidebar_exists_before": false, "current_theme": "light"}, "timestamp": 1772848392942}
{"sessionId": "14d174", "runId": "initial", "hypothesisId": "H3", "location": "main.py:show_role_menu", "message": "sidebar created", "data": {"sidebar_width": 200, "sidebar_exists_after": true}, "timestamp": 1772848392943}
{"sessionId": "14d174", "runId": "initial", "hypothesisId": "H3", "location": "main.py:show_role_menu", "message": "hamburger action invoked", "data": {"sidebar_exists_before": true, "current_theme": "light"}, "timestamp": 1772848393942}
{"sessionId": "14d174", "runId": "initial", "hypothesisId": "H5", "location": "main.py:clear_screen", "message": "clear_screen called", "data": {"child_count": 4}, "timestamp": 1772848397689}
{"sessionId": "14d174", "runId": "initial", "hypothesisId": "H5", "location": "main.py:clear_screen", "message": "clear_screen called", "data": {"child_count": 0}, "timestamp": 1772848553057}
{"sessionId": "14d174", "runId": "initial", "hypothesisId": "H4", "location": "main.py:build_main_menu", "message": "main menu rendered", "data": {"all_products_count": 10, "filtered_products_count": 10, "query": "Search for products", "menu_icon_loaded": true, "light_theme_icon_loaded": false, "dark_theme_icon_loaded": true}, "timestamp": 1772848553063}
{"sessionId": "14d174", "runId": "initial", "hypothesisId": "H3", "location": "main.py:show_role_menu", "message": "hamburger action invoked", "data": {"sidebar_exists_before": false, "current_theme": "light"}, "timestamp": 1772848554456}
{"sessionId": "14d174", "runId": "initial", "hypothesisId": "H3", "location": "main.py:show_role_menu", "message": "sidebar created", "data": {"sidebar_width": 200, "sidebar_exists_after": true}, "timestamp": 1772848554458}
{"sessionId": "14d174", "runId": "initial", "hypothesisId": "H3", "location": "main.py:show_role_menu", "message": "hamburger action invoked", "data": {"sidebar_exists_before": true, "current_theme": "light"}, "timestamp": 1772848555104}
{"sessionId": "14d174", "runId": "initial", "hypothesisId": "H5", "location": "main.py:clear_screen", "message": "clear_screen called", "data": {"child_count": 4}, "timestamp": 1772848559194}
{"sessionId": "14d174", "runId": "initial", "hypothesisId": "H7", "location": "main.py:_on_mousewheel", "message": "mousewheel scroll", "data": {"delta": 1}, "timestamp": 1772848561060}
{"sessionId": "14d174", "runId": "initial", "hypothesisId": "H7", "location": "main.py:_on_mousewheel", "message": "mousewheel scroll", "data": {"delta": 1}, "timestamp": 1772848620906}
{"sessionId": "14d174", "runId": "initial", "hypothesisId": "H5", "location": "main.py:clear_screen", "message": "clear_screen called", "data": {"child_count": 0}, "timestamp": 1772848748084}
{"sessionId": "14d174", "runId": "initial", "hypothesisId": "H4", "location": "main.py:build_main_menu", "message": "main menu rendered", "data": {"all_products_count": 10, "filtered_products_count": 10, "query": "Search for products", "menu_icon_loaded": true, "light_theme_icon_loaded": false, "dark_theme_icon_loaded": true}, "timestamp": 1772848748090}
{"sessionId": "14d174", "runId": "initial", "hypothesisId": "H3", "location": "main.py:show_role_menu", "message": "hamburger action invoked", "data": {"sidebar_exists_before": false, "current_theme": "light"}, "timestamp": 1772848751170}
{"sessionId": "14d174", "runId": "initial", "hypothesisId": "H3", "location": "main.py:show_role_menu", "message": "sidebar created", "data": {"sidebar_width": 200, "sidebar_exists_after": true}, "timestamp": 1772848751171}
{"sessionId": "14d174", "runId": "initial", "hypothesisId": "H3", "location": "main.py:show_role_menu", "message": "hamburger action invoked", "data": {"sidebar_exists_before": true, "current_theme": "light"}, "timestamp": 1772848751978}
{"sessionId": "14d174", "runId": "initial", "hypothesisId": "H5", "location": "main.py:clear_screen", "message": "clear_screen called", "data": {"child_count": 4}, "timestamp": 1772848755665}
{"sessionId": "14d174", "runId": "initial", "hypothesisId": "H7", "location": "main.py:_on_mousewheel", "message": "mousewheel scroll", "data": {"delta": 1}, "timestamp": 1772848756479}
{"sessionId": "14d174", "runId": "initial", "hypothesisId": "H7", "location": "main.py:_on_mousewheel", "message": "mousewheel scroll", "data": {"delta": 1}, "timestamp": 1772848756527}
{"sessionId": "14d174", "runId": "initial", "hypothesisId": "H7", "location": "main.py:_on_mousewheel", "message": "mousewheel scroll", "data": {"delta": 1}, "timestamp": 1772848763980}
{"sessionId": "14d174", "runId": "initial", "hypothesisId": "H7", "location": "main.py:_on_mousewheel", "message": "mousewheel scroll", "data": {"delta": 1}, "timestamp": 1772848763996}
{"sessionId": "14d174", "runId": "initial", "hypothesisId": "H7", "location": "main.py:_on_mousewheel", "message": "mousewheel scroll", "data": {"delta": 1}, "timestamp": 1772848764020}
{"sessionId": "14d174", "runId": "initial", "hypothesisId": "H7", "location": "main.py:_on_mousewheel", "message": "mousewheel scroll", "data": {"delta": 1}, "timestamp": 1772848767850}
{"sessionId": "14d174", "runId": "initial", "hypothesisId": "H7", "location": "main.py:_on_mousewheel", "message": "mousewheel scroll", "data": {"delta": 1}, "timestamp": 1772848767874}
{"sessionId": "14d174", "runId": "initial", "hypothesisId": "H7", "location": "main.py:_on_mousewheel", "message": "mousewheel scroll", "data": {"delta": 1}, "timestamp": 1772848768373}
{"sessionId": "14d174", "runId": "initial", "hypothesisId": "H7", "location": "main.py:_on_mousewheel", "message": "mousewheel scroll", "data": {"delta": 1}, "timestamp": 1772848775407}
{"sessionId": "14d174", "runId": "initial", "hypothesisId": "H7", "location": "main.py:_on_mousewheel", "message": "mousewheel scroll", "data": {"delta": 1}, "timestamp": 1772848775431}
{"sessionId": "14d174", "runId": "initial", "hypothesisId": "H7", "location": "main.py:_on_mousewheel", "message": "mousewheel scroll", "data": {"delta": 1}, "timestamp": 1772848775455}
{"sessionId": "14d174", "runId": "initial", "hypothesisId": "H7", "location": "main.py:_on_mousewheel", "message": "mousewheel scroll", "data": {"delta": 1}, "timestamp": 1772848775798}
{"sessionId": "14d174", "runId": "initial", "hypothesisId": "H7", "location": "main.py:_on_mousewheel", "message": "mousewheel scroll", "data": {"delta": 1}, "timestamp": 1772848775822}
{"sessionId": "14d174", "runId": "initial", "hypothesisId": "H7", "location": "main.py:_on_mousewheel", "message": "mousewheel scroll", "data": {"delta": 1}, "timestamp": 1772848778965}
{"sessionId": "14d174", "runId": "initial", "hypothesisId": "H7", "location": "main.py:_on_mousewheel", "message": "mousewheel scroll", "data": {"delta": 1}, "timestamp": 1772848778981}
{"sessionId": "14d174", "runId": "initial", "hypothesisId": "H7", "location": "main.py:_on_mousewheel", "message": "mousewheel scroll", "data": {"delta": 1}, "timestamp": 1772848779053}
{"sessionId": "14d174", "runId": "initial", "hypothesisId": "H5", "location": "main.py:clear_screen", "message": "clear_screen called", "data": {"child_count": 1}, "timestamp": 1772848782164}
{"sessionId": "14d174", "runId": "initial", "hypothesisId": "H4", "location": "main.py:build_main_menu", "message": "main menu rendered", "data": {"all_products_count": 10, "filtered_products_count": 10, "query": "Search for products", "menu_icon_loaded": true, "light_theme_icon_loaded": false, "dark_theme_icon_loaded": true}, "timestamp": 1772848782185}
{"sessionId": "14d174", "runId": "initial", "hypothesisId": "H3", "location": "main.py:show_role_menu", "message": "hamburger action invoked", "data": {"sidebar_exists_before": false, "current_theme": "light"}, "timestamp": 1772848884343}
{"sessionId": "14d174", "runId": "initial", "hypothesisId": "H3", "location": "main.py:show_role_menu", "message": "sidebar created", "data": {"sidebar_width": 200, "sidebar_exists_after": true}, "timestamp": 1772848884345}
{"sessionId": "14d174", "runId": "initial", "hypothesisId": "H3", "location": "main.py:show_role_menu", "message": "hamburger action invoked", "data": {"sidebar_exists_before": true, "current_theme": "light"}, "timestamp": 1772848885511}
{"sessionId": "14d174", "runId": "initial", "hypothesisId": "H5", "location": "main.py:clear_screen", "message": "clear_screen called", "data": {"child_count": 4}, "timestamp": 1772848889032}
{"sessionId": "14d174", "runId": "initial", "hypothesisId": "H7", "location": "main.py:_on_mousewheel", "message": "mousewheel scroll", "data": {"delta": 1}, "timestamp": 1772848889717}
{"sessionId": "14d174", "runId": "initial", "hypothesisId": "H7", "location": "main.py:_on_mousewheel", "message": "mousewheel scroll", "data": {"delta": 1}, "timestamp": 1772848889749}
{"sessionId": "14d174", "runId": "initial", "hypothesisId": "H7", "location": "main.py:_on_mousewheel", "message": "mousewheel scroll", "data": {"delta": 1}, "timestamp": 1772848891116}
{"sessionId": "14d174", "runId": "initial", "hypothesisId": "H7", "location": "main.py:_on_mousewheel", "message": "mousewheel scroll", "data": {"delta": 1}, "timestamp": 1772848891396}
{"sessionId": "14d174", "runId": "initial", "hypothesisId": "H7", "location": "main.py:_on_mousewheel", "message": "mousewheel scroll", "data": {"delta": -1}, "timestamp": 1772848895642}
{"sessionId": "14d174", "runId": "initial", "hypothesisId": "H7", "location": "main.py:_on_mousewheel", "message": "mousewheel scroll", "data": {"delta": -1}, "timestamp": 1772848895715}
{"sessionId": "14d174", "runId": "initial", "hypothesisId": "H5", "location": "main.py:clear_screen", "message": "clear_screen called", "data": {"child_count": 0}, "timestamp": 1772848970845}
{"sessionId": "14d174", "runId": "initial", "hypothesisId": "H4", "location": "main.py:build_main_menu", "message": "main menu rendered", "data": {"all_products_count": 10, "filtered_products_count": 10, "query": "Search for products", "menu_icon_loaded": true, "light_theme_icon_loaded": false, "dark_theme_icon_loaded": true}, "timestamp": 1772848970851}
{"sessionId": "14d174", "runId": "initial", "hypothesisId": "H5", "location": "main.py:clear_screen", "message": "clear_screen called", "data": {"child_count": 0}, "timestamp": 1772849144091}
{"sessionId": "14d174", "runId": "initial", "hypothesisId": "H4", "location": "main.py:build_main_menu", "message": "main menu rendered", "data": {"all_products_count": 10, "filtered_products_count": 10, "query": "Search for products", "menu_icon_loaded": true, "light_theme_icon_loaded": false, "dark_theme_icon_loaded": true}, "timestamp": 1772849144098}
{"sessionId": "14d174", "runId": "initial", "hypothesisId": "H3", "location": "main.py:show_role_menu", "message": "hamburger action invoked", "data": {"sidebar_exists_before": false, "current_theme": "light"}, "timestamp": 1772849145198}
{"sessionId": "14d174", "runId": "initial", "hypothesisId": "H3", "location": "main.py:show_role_menu", "message": "sidebar created", "data": {"sidebar_width": 200, "sidebar_exists_after": true}, "timestamp": 1772849145200}
{"sessionId": "14d174", "runId": "initial", "hypothesisId": "H3", "location": "main.py:show_role_menu", "message": "hamburger action invoked", "data": {"sidebar_exists_before": true, "current_theme": "light"}, "timestamp": 1772849146453}
{"sessionId": "14d174", "runId": "initial", "hypothesisId": "H5", "location": "main.py:clear_screen", "message": "clear_screen called", "data": {"child_count": 4}, "timestamp": 1772849149785}
{"sessionId": "14d174", "runId": "initial", "hypothesisId": "H7", "location": "main.py:_on_mousewheel", "message": "mousewheel scroll", "data": {"delta": 1}, "timestamp": 1772849150859}
{"sessionId": "14d174", "runId": "initial", "hypothesisId": "H7", "location": "main.py:_on_mousewheel", "message": "mousewheel scroll", "data": {"delta": 1}, "timestamp": 1772849150899}
{"sessionId": "14d174", "runId": "initial", "hypothesisId": "H7", "location": "main.py:_on_mousewheel", "message": "mousewheel scroll", "data": {"delta": -1}, "timestamp": 1772849151371}
{"sessionId": "14d174", "runId": "initial", "hypothesisId": "H7", "location": "main.py:_on_mousewheel", "message": "mousewheel scroll", "data": {"delta": -1}, "timestamp": 1772849151443}
{"sessionId": "14d174", "runId": "initial", "hypothesisId": "H5", "location": "main.py:clear_screen", "message": "clear_screen called", "data": {"child_count": 4}, "timestamp": 1772849154154}
{"sessionId": "14d174", "runId": "initial", "hypothesisId": "H4", "location": "main.py:build_main_menu", "message": "main menu rendered", "data": {"all_products_count": 10, "filtered_products_count": 10, "query": "Search for products", "menu_icon_loaded": true, "light_theme_icon_loaded": false, "dark_theme_icon_loaded": true}, "timestamp": 1772849154201}
{"sessionId": "14d174", "runId": "initial", "hypothesisId": "H3", "location": "main.py:show_role_menu", "message": "hamburger action invoked", "data": {"sidebar_exists_before": false, "current_theme": "light"}, "timestamp": 1772849155449}
{"sessionId": "14d174", "runId": "initial", "hypothesisId": "H3", "location": "main.py:show_role_menu", "message": "sidebar created", "data": {"sidebar_width": 200, "sidebar_exists_after": true}, "timestamp": 1772849155450}
{"sessionId": "14d174", "runId": "initial", "hypothesisId": "H3", "location": "main.py:show_role_menu", "message": "hamburger action invoked", "data": {"sidebar_exists_before": true, "current_theme": "light"}, "timestamp": 1772849158048}
{"sessionId": "14d174", "runId": "initial", "hypothesisId": "H5", "location": "main.py:clear_screen", "message": "clear_screen called", "data": {"child_count": 4}, "timestamp": 1772849162408}
{"sessionId": "14d174", "runId": "initial", "hypothesisId": "H7", "location": "main.py:_on_mousewheel", "message": "mousewheel scroll", "data": {"delta": 1}, "timestamp": 1772849163965}
{"sessionId": "14d174", "runId": "initial", "hypothesisId": "H7", "location": "main.py:_on_mousewheel", "message": "mousewheel scroll", "data": {"delta": 1}, "timestamp": 1772849164005}
{"sessionId": "14d174", "runId": "initial", "hypothesisId": "H7", "location": "main.py:_on_mousewheel", "message": "mousewheel scroll", "data": {"delta": 1}, "timestamp": 1772849166084}
{"sessionId": "14d174", "runId": "initial", "hypothesisId": "H5", "location": "main.py:clear_screen", "message": "clear_screen called", "data": {"child_count": 1}, "timestamp": 1772849174977}
{"sessionId": "14d174", "runId": "initial", "hypothesisId": "H5", "location": "main.py:clear_screen", "message": "clear_screen called", "data": {"child_count": 4}, "timestamp": 1772849196288}
{"sessionId": "14d174", "runId": "initial", "hypothesisId": "H5", "location": "main.py:clear_screen", "message": "clear_screen called", "data": {"child_count": 0}, "timestamp": 1772849342729}
{"sessionId": "14d174", "runId": "initial", "hypothesisId": "H4", "location": "main.py:build_main_menu", "message": "main menu rendered", "data": {"all_products_count": 10, "filtered_products_count": 10, "query": "Search for products", "menu_icon_loaded": true, "light_theme_icon_loaded": false, "dark_theme_icon_loaded": true}, "timestamp": 1772849342735}
{"sessionId": "14d174", "runId": "initial", "hypothesisId": "H5", "location": "main.py:clear_screen", "message": "clear_screen called", "data": {"child_count": 0}, "timestamp": 1772849528047}
{"sessionId": "14d174", "runId": "initial", "hypothesisId": "H4", "location": "main.py:build_main_menu", "message": "main menu rendered", "data": {"all_products_count": 10, "filtered_products_count": 10, "query": "Search for products", "menu_icon_loaded": true, "light_theme_icon_loaded": false, "dark_theme_icon_loaded": true}, "timestamp": 1772849528053}
{"sessionId": "14d174", "runId": "initial", "hypothesisId": "H7", "location": "main.py:_on_mousewheel", "message": "mousewheel scroll", "data": {"delta": 1}, "timestamp": 1772849529829}
{"sessionId": "14d174", "runId": "initial", "hypothesisId": "H7", "location": "main.py:_on_mousewheel", "message": "mousewheel scroll", "data": {"delta": 1}, "timestamp": 1772849529909}
{"sessionId": "14d174", "runId": "initial", "hypothesisId": "H7", "location": "main.py:_on_mousewheel", "message": "mousewheel scroll", "data": {"delta": 1}, "timestamp": 1772849530269}
{"sessionId": "14d174", "runId": "initial", "hypothesisId": "H7", "location": "main.py:_on_mousewheel", "message": "mousewheel scroll", "data": {"delta": 1}, "timestamp": 1772849530285}
{"sessionId": "14d174", "runId": "initial", "hypothesisId": "H7", "location": "main.py:_on_mousewheel", "message": "mousewheel scroll", "data": {"delta": 1}, "timestamp": 1772849530605}
{"sessionId": "14d174", "runId": "initial", "hypothesisId": "H7", "location": "main.py:_on_mousewheel", "message": "mousewheel scroll", "data": {"delta": 1}, "timestamp": 1772849530622}
{"sessionId": "14d174", "runId": "initial", "hypothesisId": "H7", "location": "main.py:_on_mousewheel", "message": "mousewheel scroll", "data": {"delta": -1}, "timestamp": 1772849532564}
{"sessionId": "14d174", "runId": "initial", "hypothesisId": "H7", "location": "main.py:_on_mousewheel", "message": "mousewheel scroll", "data": {"delta": -1}, "timestamp": 1772849532612}
{"sessionId": "14d174", "runId": "initial", "hypothesisId": "H7", "location": "main.py:_on_mousewheel", "message": "mousewheel scroll", "data": {"delta": -1}, "timestamp": 1772849532964}
{"sessionId": "14d174", "runId": "initial", "hypothesisId": "H7", "location": "main.py:_on_mousewheel", "message": "mousewheel scroll", "data": {"delta": -1}, "timestamp": 1772849532990}
{"sessionId": "14d174", "runId": "initial", "hypothesisId": "H7", "location": "main.py:_on_mousewheel", "message": "mousewheel scroll", "data": {"delta": -1}, "timestamp": 1772849533084}
{"sessionId": "14d174", "runId": "initial", "hypothesisId": "H3", "location": "main.py:show_role_menu", "message": "hamburger action invoked", "data": {"sidebar_exists_before": false, "current_theme": "light"}, "timestamp": 1772849565007}
{"sessionId": "14d174", "runId": "initial", "hypothesisId": "H3", "location": "main.py:show_role_menu", "message": "sidebar created", "data": {"sidebar_width": 200, "sidebar_exists_after": true}, "timestamp": 1772849565009}
{"sessionId": "14d174", "runId": "initial", "hypothesisId": "H3", "location": "main.py:show_role_menu", "message": "hamburger action invoked", "data": {"sidebar_exists_before": true, "current_theme": "light"}, "timestamp": 1772849566078}
{"sessionId": "14d174", "runId": "initial", "hypothesisId": "H5", "location": "main.py:clear_screen", "message": "clear_screen called", "data": {"child_count": 4}, "timestamp": 1772849572120}
{"sessionId": "14d174", "runId": "initial", "hypothesisId": "H5", "location": "main.py:clear_screen", "message": "clear_screen called", "data": {"child_count": 4}, "timestamp": 1772849574746}
{"sessionId": "14d174", "runId": "initial", "hypothesisId": "H4", "location": "main.py:build_main_menu", "message": "main menu rendered", "data": {"all_products_count": 10, "filtered_products_count": 10, "query": "Search for products", "menu_icon_loaded": true, "light_theme_icon_loaded": false, "dark_theme_icon_loaded": true}, "timestamp": 1772849574764}
{"sessionId": "14d174", "runId": "initial", "hypothesisId": "H3", "location": "main.py:show_role_menu", "message": "hamburger action invoked", "data": {"sidebar_exists_before": false, "current_theme": "light"}, "timestamp": 1772849576410}
{"sessionId": "14d174", "runId": "initial", "hypothesisId": "H3", "location": "main.py:show_role_menu", "message": "sidebar created", "data": {"sidebar_width": 200, "sidebar_exists_after": true}, "timestamp": 1772849576411}
{"sessionId": "14d174", "runId": "initial", "hypothesisId": "H3", "location": "main.py:show_role_menu", "message": "hamburger action invoked", "data": {"sidebar_exists_before": true, "current_theme": "light"}, "timestamp": 1772849577169}
{"sessionId": "14d174", "runId": "initial", "hypothesisId": "H5", "location": "main.py:clear_screen", "message": "clear_screen called", "data": {"child_count": 4}, "timestamp": 1772849581520}
{"sessionId": "14d174", "runId": "initial", "hypothesisId": "H7", "location": "main.py:_on_mousewheel", "message": "mousewheel scroll", "data": {"delta": 1}, "timestamp": 1772849582486}
{"sessionId": "14d174", "runId": "initial", "hypothesisId": "H7", "location": "main.py:_on_mousewheel", "message": "mousewheel scroll", "data": {"delta": 1}, "timestamp": 1772849582519}
{"sessionId": "14d174", "runId": "initial", "hypothesisId": "H7", "location": "main.py:_on_mousewheel", "message": "mousewheel scroll", "data": {"delta": 1}, "timestamp": 1772849582550}
