{"sessionId": "260dc1", "runId": "run-1773038955", "hypothesisId": "H3", "location": "main.py:show_role_menu", "message": "hamburger action invoked", "data": {"sidebar_exists_before": false, "current_theme": "light"}, "timestamp": 1773038972374}
{"sessionId": "260dc1", "runId": "run-1773038955", "hypothesisId": "H3", "location": "main.py:show_role_menu", "message": "sidebar created", "data": {"sidebar_width": 220, "sidebar_exists_after": true}, "timestamp": 1773038972387}
{"sessionId": "260dc1", "runId": "run-1773038955", "hypothesisId": "H3", "location": "main.py:show_role_menu", "message": "hamburger action invoked", "data": {"sidebar_exists_before": true, "current_theme": "light"}, "timestamp": 1773038972885}
{"sessionId": "260dc1", "runId": "run-1773038955", "hypothesisId": "H3", "location": "main.py:show_role_menu", "message": "hamburger action invoked", "data": {"sidebar_exists_before": false, "current_theme": "light"}, "timestamp": 1773038973211}
{"sessionId": "260dc1", "runId": "run-1773038955", "hypothesisId": "H3", "location": "main.py:show_role_menu", "message": "sidebar created", "data": {"sidebar_width": 220, "sidebar_exists_after": true}, "timestamp": 1773038973226}
{"sessionId": "260dc1", "runId": "run-1773038955", "hypothesisId": "H3", "location": "main.py:show_role_menu", "message": "hamburger action invoked", "data": {"sidebar_exists_before": true, "current_theme": "light"}, "timestamp": 1773038973549}
{"sessionId": "260dc1", "runId": "run-1773038955", "hypothesisId": "H3", "location": "main.py:show_role_menu", "message": "hamburger action invoked", "data": {"sidebar_exists_before": false, "current_theme": "light"}, "timestamp": 1773038973907}
{"sessionId": "260dc1", "runId": "run-1773038955", "hypothesisId": "H3", "location": "main.py:show_role_menu", "message": "sidebar created", "data": {"sidebar_width": 220, "sidebar_exists_after": true}, "timestamp": 1773038973919}
{"sessionId": "260dc1", "runId": "run-1773038955", "hypothesisId": "H3", "location": "main.py:show_role_menu", "message": "hamburger action invoked", "data": {"sidebar_exists_before": true, "current_theme": "light"}, "timestamp": 1773038974256}
{"sessionId": "260dc1", "runId": "run-1773038955", "hypothesisId": "H3", "location": "main.py:show_role_menu", "message": "hamburger action invoked", "data": {"sidebar_exists_before": false, "current_theme": "light"}, "timestamp": 1773038974563}
{"sessionId": "260dc1", "runId": "run-1773038955", "hypothesisId": "H3", "location": "main.py:show_role_menu", "message": "sidebar created", "data": {"sidebar_width": 220, "sidebar_exists_after": true}, "timestamp": 1773038974575}
{"sessionId": "260dc1", "runId": "run-1773038955", "hypothesisId": "H3", "location": "main.py:show_role_menu", "message": "hamburger action invoked", "data": {"sidebar_exists_before": true, "current_theme": "light"}, "timestamp": 1773038974893}
{"sessionId": "260dc1", "runId": "run-1773038955", "hypothesisId": "H3", "location": "main.py:show_role_menu", "message": "hamburger action invoked", "data": {"sidebar_exists_before": false, "current_theme": "light"}, "timestamp": 1773038975163}
{"sessionId": "260dc1", "runId": "run-1773038955", "hypothesisId": "H3", "location": "main.py:show_role_menu", "message": "sidebar created", "data": {"sidebar_width": 220, "sidebar_exists_after": true}, "timestamp": 1773038975175}
{"sessionId": "260dc1", "runId": "run-1773038955", "hypothesisId": "H3", "location": "main.py:show_role_menu", "message": "hamburger action invoked", "data": {"sidebar_exists_before": true, "current_theme": "light"}, "timestamp": 1773038975523}
{"sessionId": "260dc1", "runId": "run-1773038955", "hypothesisId": "H3", "location": "main.py:show_role_menu", "message": "hamburger action invoked", "data": {"sidebar_exists_before": false, "current_theme": "light"}, "timestamp": 1773038975831}
{"sessionId": "260dc1", "runId": "run-1773038955", "hypothesisId": "H3", "location": "main.py:show_role_menu", "message": "sidebar created", "data": {"sidebar_width": 220, "sidebar_exists_after": true}, "timestamp": 1773038975843}
{"sessionId": "260dc1", "runId": "run-1773038955", "hypothesisId": "H3", "location": "main.py:show_role_menu", "message": "hamburger action invoked", "data": {"sidebar_exists_before": true, "current_theme": "light"}, "timestamp": 1773038976171}
{"sessionId": "260dc1", "runId": "run-1773038955", "hypothesisId": "H3", "location": "main.py:show_role_menu", "message": "hamburger action invoked", "data": {"sidebar_exists_before": false, "current_theme": "light"}, "timestamp": 1773038976665}
{"sessionId": "260dc1", "runId": "run-1773038955", "hypothesisId": "H3", "location": "main.py:show_role_menu", "message": "sidebar created", "data": {"sidebar_width": 220, "sidebar_exists_after": true}, "timestamp": 1773038976679}
{"sessionId": "260dc1", "runId": "run-1773038955", "hypothesisId": "H3", "location": "main.py:show_role_menu", "message": "hamburger action invoked", "data": {"sidebar_exists_before": true, "current_theme": "light"}, "timestamp": 1773038977047}
{"sessionId": "260dc1", "runId": "run-1773038955", "hypothesisId": "H3", "location": "main.py:show_role_menu", "message": "hamburger action invoked", "data": {"sidebar_exists_before": false, "current_theme": "light"}, "timestamp": 1773038977325}
{"sessionId": "260dc1", "runId": "run-1773038955", "hypothesisId": "H3", "location": "main.py:show_role_menu", "message": "sidebar created", "data": {"sidebar_width": 220, "sidebar_exists_after": true}, "timestamp": 1773038977338}
{"sessionId": "260dc1", "runId": "run-1773038955", "hypothesisId": "H3", "location": "main.py:show_role_menu", "message": "hamburger action invoked", "data": {"sidebar_exists_before": true, "current_theme": "light"}, "timestamp": 1773038977644}
{"sessionId": "260dc1", "runId": "run-1773038955", "hypothesisId": "H3", "location": "main.py:show_role_menu", "message": "hamburger action invoked", "data": {"sidebar_exists_before": false, "current_theme": "light"}, "timestamp": 1773038977931}
{"sessionId": "260dc1", "runId": "run-1773038955", "hypothesisId": "H3", "location": "main.py:show_role_menu", "message": "sidebar created", "data": {"sidebar_width": 220, "sidebar_exists_after": true}, "timestamp": 1773038977943}
{"sessionId": "260dc1", "runId": "run-1773038955", "hypothesisId": "H3", "location": "main.py:show_role_menu", "message": "hamburger action invoked", "data": {"sidebar_exists_before": true, "current_theme": "light"}, "timestamp": 1773038978325}
{"sessionId": "260dc1", "runId": "run-1773038955", "hypothesisId": "H3", "location": "main.py:show_role_menu", "message": "hamburger action invoked", "data": {"sidebar_exists_before": false, "current_theme": "light"}, "timestamp": 1773038978609}
{"sessionId": "260dc1", "runId": "run-1773038955", "hypothesisId": "H3", "location": "main.py:show_role_menu", "message": "sidebar created", "data": {"sidebar_width": 220, "sidebar_exists_after": true}, "timestamp": 1773038978621}
{"sessionId": "260dc1", "runId": "run-1773038955", "hypothesisId": "H3", "location": "main.py:show_role_menu", "message": "hamburger action invoked", "data": {"sidebar_exists_before": true, "current_theme": "light"}, "timestamp": 1773038979072}
{"sessionId": "260dc1", "runId": "run-1773038955", "hypothesisId": "H3", "location": "main.py:show_role_menu", "message": "hamburger action invoked", "data": {"sidebar_exists_before": false, "current_theme": "light"}, "timestamp": 1773038979363}
{"sessionId": "260dc1", "runId": "run-1773038955", "hypothesisId": "H3", "location": "main.py:show_role_menu", "message": "sidebar created", "data": {"sidebar_width": 220, "sidebar_exists_after": true}, "timestamp": 1773038979375}
{"sessionId": "260dc1", "runId": "run-1773038955", "hypothesisId": "H3", "location": "main.py:show_role_menu", "message": "hamburger action invoked", "data": {"sidebar_exists_before": true, "current_theme": "light"}, "timestamp": 1773038979649}
{"sessionId": "260dc1", "runId": "run-1773038955", "hypothesisId": "H3", "location": "main.py:show_role_menu", "message": "hamburger action invoked", "data": {"sidebar_exists_before": false, "current_theme": "light"}, "timestamp": 1773038979932}
{"sessionId": "260dc1", "runId": "run-1773038955", "hypothesisId": "H3", "location": "main.py:show_role_menu", "message": "sidebar created", "data": {"sidebar_width": 220, "sidebar_exists_after": true}, "timestamp": 1773038979944}
{"sessionId": "260dc1", "runId": "run-1773038955", "hypothesisId": "H3", "location": "main.py:show_role_menu", "message": "hamburger action invoked", "data": {"sidebar_exists_before": true, "current_theme": "light"}, "timestamp": 1773038980177}
{"sessionId": "260dc1", "runId": "run-1773038955", "hypothesisId": "H3", "location": "main.py:show_role_menu", "message": "hamburger action invoked", "data": {"sidebar_exists_before": false, "current_theme": "dark"}, "timestamp": 1773038981797}
{"sessionId": "260dc1", "runId": "run-1773038955", "hypothesisId": "H3", "location": "main.py:show_role_menu", "message": "sidebar created", "data": {"sidebar_width": 220, "sidebar_exists_after": true}, "timestamp": 1773038981810}
{"sessionId": "260dc1", "runId": "run-1773038955", "hypothesisId": "H3", "location": "main.py:show_role_menu", "message": "hamburger action invoked", "data": {"sidebar_exists_before": true, "current_theme": "dark"}, "timestamp": 1773038982249}
{"sessionId": "260dc1", "runId": "run-1773038955", "hypothesisId": "H3", "location": "main.py:show_role_menu", "message": "hamburger action invoked", "data": {"sidebar_exists_before": false, "current_theme": "dark"}, "timestamp": 1773038982526}
{"sessionId": "260dc1", "runId": "run-1773038955", "hypothesisId": "H3", "location": "main.py:show_role_menu", "message": "sidebar created", "data": {"sidebar_width": 220, "sidebar_exists_after": true}, "timestamp": 1773038982540}
{"sessionId": "260dc1", "runId": "run-1773038955", "hypothesisId": "H3", "location": "main.py:show_role_menu", "message": "hamburger action invoked", "data": {"sidebar_exists_before": true, "current_theme": "dark"}, "timestamp": 1773038982727}
